build/app/outputs/mapping/release/seeds.txt
com.example.treinar_app.MainActivity: MainActivity()
com.example.treinar_app.MainActivity
...
androidx.window.embedding.ExtensionEmbeddingBackend$Companion: boolean isExtensionVersionSupported(java.lang.Integer)
androidx.window.embedding.SplitPairFilter: android.content.ComponentName getSecondaryActivityName()
kotlin.jvm.internal.FunctionReference: int arity
androidx.window.layout.WindowInfoTracker$Companion: androidx.window.layout.WindowBackend windowBackend$window_release(android.content.Context)
io.flutter.embedding.engine.FlutterJNI: void notifyLowMemoryWarning()
androidx.window.layout.DisplayFeature
androidx.window.layout.WindowMetrics: androidx.window.core.Bounds _bounds
androidx.window.embedding.SplitPairFilter: boolean matchesActivityIntentPair(android.app.Activity,android.content.Intent)
androidx.window.layout.SidecarCompat: void onWindowLayoutChangeListenerAdded(android.app.Activity)
io.flutter.embedding.engine.FlutterJNI: java.lang.String getVMServiceUri()
kotlin.coroutines.jvm.internal.BaseContinuationImpl: void releaseIntercepted()
androidx.core.app.RemoteActionCompat: RemoteActionCompat()
androidx.window.layout.FoldingFeature$OcclusionType: java.lang.String toString()
androidx.window.embedding.SplitRule
androidx.window.layout.SidecarAdapter: androidx.window.layout.WindowLayoutInfo translate(androidx.window.sidecar.SidecarWindowLayoutInfo,androidx.window.sidecar.SidecarDeviceState)
androidx.window.layout.SidecarCompat$DistinctSidecarElementCallback
androidx.core.app.RemoteActionCompatParcelizer
androidx.window.embedding.SplitController: void setStaticSplitRules(java.util.Set)
io.flutter.view.AccessibilityBridge$AccessibilityFeature: io.flutter.view.AccessibilityBridge$AccessibilityFeature valueOf(java.lang.String)
androidx.window.embedding.EmbeddingAdapter: java.lang.Object component2(android.util.Pair)
kotlinx.coroutines.channels.RendezvousChannel
io.flutter.embedding.engine.systemchannels.PlatformChannel$Brightness: io.flutter.embedding.engine.systemchannels.PlatformChannel$Brightness[] values()
androidx.window.layout.WindowInfoTracker
io.flutter.embedding.engine.renderer.FlutterRenderer$ImageTextureRegistryEntry: io.flutter.embedding.engine.renderer.FlutterRenderer this$0
io.flutter.embedding.engine.FlutterJNI: void setViewportMetrics(float,int,int,int,int,int,int,int,int,int,int,int,int,int,int,int,int[],int[],int[])
io.flutter.embedding.engine.FlutterJNI: io.flutter.view.FlutterCallbackInformation nativeLookupCallbackInformation(long)
androidx.window.embedding.ActivityStack: java.util.List activities
kotlinx.coroutines.channels.AbstractSendChannel: java.lang.Object onCloseHandler
kotlinx.coroutines.internal.DispatchedContinuation
kotlinx.coroutines.scheduling.CoroutineScheduler$Worker: int workerCtl
androidx.window.layout.WindowInfoTrackerImpl$windowLayoutInfo$1: java.lang.Object L$0
androidx.window.layout.WindowLayoutInfo: java.util.List getDisplayFeatures()
androidx.window.core.Version$Companion: androidx.window.core.Version getCURRENT()
androidx.window.embedding.ExtensionEmbeddingBackend$EmbeddingCallbackImpl
kotlin.coroutines.AbstractCoroutineContextElement: kotlin.coroutines.CoroutineContext$Key getKey()
androidx.window.embedding.SplitPlaceholderRule: androidx.window.embedding.SplitPlaceholderRule plus$window_release(androidx.window.embedding.ActivityFilter)
androidx.window.layout.WindowInfoTracker$Companion: androidx.window.layout.WindowInfoTrackerDecorator decorator
androidx.window.java.R
io.flutter.plugin.editing.ImeSyncDeferringInsetsCallback: boolean animating
androidx.window.embedding.SplitController$Companion: androidx.window.embedding.SplitController getInstance()
androidx.window.embedding.ExtensionEmbeddingBackend$SplitListenerWrapper: void accept$lambda-1(androidx.window.embedding.ExtensionEmbeddingBackend$SplitListenerWrapper,java.util.List)
android.support.v4.graphics.drawable.IconCompatParcelizer: void write(androidx.core.graphics.drawable.IconCompat,androidx.versionedparcelable.VersionedParcel)
androidx.window.R$styleable: int ActivityFilter_activityAction