build/app/outputs/mapping/release/mapping.txt
# compiler: R8
# compiler_version: 2.1.86
# min_api: 21
# pg_map_id: 8347825
# common_typos_disable
...
io.flutter.plugin.platform.PlatformPlugin$3 -> io.flutter.plugin.platform.j$c:
    int[] $SwitchMap$io$flutter$embedding$engine$systemchannels$PlatformChannel$SystemUiOverlay -> b
    int[] $SwitchMap$io$flutter$embedding$engine$systemchannels$PlatformChannel$Brightness -> c
    int[] $SwitchMap$io$flutter$embedding$engine$systemchannels$PlatformChannel$HapticFeedbackType -> a
io.flutter.plugin.platform.PlatformPlugin$PlatformPluginDelegate -> io.flutter.plugin.platform.j$d:
    boolean popSystemNavigator() -> b
    void setFrameworkHandlesBack(boolean) -> d
io.flutter.plugin.platform.PlatformView -> io.flutter.plugin.platform.k:
    void dispose() -> b
    void onInputConnectionUnlocked() -> c
    void onInputConnectionLocked() -> d
    void onFlutterViewAttached(android.view.View) -> e
    void onFlutterViewDetached() -> f
    android.view.View getView() -> g
io.flutter.plugin.platform.PlatformViewFactory -> io.flutter.plugin.platform.l:
    io.flutter.plugin.common.MessageCodec createArgsCodec -> a
    io.flutter.plugin.platform.PlatformView create(android.content.Context,int,java.lang.Object) -> a
    io.flutter.plugin.common.MessageCodec getCreateArgsCodec() -> b
io.flutter.plugin.platform.PlatformViewRegistry -> io.flutter.plugin.platform.m:
io.flutter.plugin.platform.PlatformViewRegistryImpl -> io.flutter.plugin.platform.n:
    java.util.Map viewFactories -> a
    io.flutter.plugin.platform.PlatformViewFactory getFactory(java.lang.String) -> a
io.flutter.plugin.platform.PlatformViewRenderTarget -> io.flutter.plugin.platform.o:
    long getId() -> a
    android.graphics.Canvas lockHardwareCanvas() -> b
    void resize(int,int) -> c
    android.view.Surface getSurface() -> d
    void unlockCanvasAndPost(android.graphics.Canvas) -> e
    int getWidth() -> f
    int getHeight() -> g
io.flutter.plugin.platform.PlatformViewWrapper -> io.flutter.plugin.platform.p:
    android.view.ViewTreeObserver$OnGlobalFocusChangeListener activeFocusListener -> g
    io.flutter.plugin.platform.PlatformViewRenderTarget renderTarget -> f
    int top -> d
    io.flutter.embedding.android.AndroidTouchProcessor touchProcessor -> e
    int prevTop -> b
    int left -> c
    int prevLeft -> a
    void release() -> a
    void resizeRenderTarget(int,int) -> b
    void unsetOnDescendantFocusChangeListener() -> c
io.flutter.plugin.platform.PlatformViewWrapper$1 -> io.flutter.plugin.platform.p$a:
    io.flutter.plugin.platform.PlatformViewWrapper this$0 -> b
    android.view.View$OnFocusChangeListener val$userFocusListener -> a
io.flutter.plugin.platform.PlatformViewsAccessibilityDelegate -> io.flutter.plugin.platform.q:
    void detachAccessibilityBridge() -> a
    void attachAccessibilityBridge(io.flutter.view.AccessibilityBridge) -> b
    android.view.View getPlatformViewById(int) -> c
    boolean usesVirtualDisplay(int) -> d