build/app/outputs/mapping/release/usage.txt
com.example.treinar_app.R$mipmap
com.example.treinar_app.R
com.example.treinar_app.R$drawable
com.example.treinar_app.R$style
com.example.treinar_app.R$styleable
com.example.treinar_app.R$dimen
com.example.treinar_app.R$color
com.example.treinar_app.BuildConfig
com.example.treinar_app.R$integer
com.example.treinar_app.R$attr
com.example.treinar_app.R$id
com.example.treinar_app.R$string
com.example.treinar_app.R$layout
...
com.tekartik.sqflite.R
kotlin.io.FileAlreadyExistsException
kotlinx.coroutines.flow.internal.FlowExceptions_commonKt
kotlin.io.NoSuchFileException
androidx.viewpager.R$dimen
io.flutter.app.FlutterApplication
androidx.core.content.ContextCompat$Api19Impl
kotlinx.coroutines.flow.FlowKt__MigrationKt$onErrorReturn$2
org.intellij.lang.annotations.JdkConstants$TitledBorderJustification
kotlinx.coroutines.flow.FlowKt__ZipKt$combineTransform$$inlined$combineTransformUnsafe$FlowKt__ZipKt$3
androidx.loader.content.ModernAsyncTask
androidx.core.view.WindowInsetsCompat$Api21ReflectionHolder:
    private void <init>()
androidx.core.view.accessibility.AccessibilityManagerCompat$AccessibilityStateChangeListener
kotlin.jvm.JvmOverloads
kotlin.ranges.UIntRange
kotlinx.coroutines.ChildJob$DefaultImpls
kotlin.ranges.ClosedRange$DefaultImpls
androidx.core.content.res.GradientColorInflaterCompat$ColorStops
kotlinx.coroutines.ObsoleteCoroutinesApi
androidx.arch.core.internal.SafeIterableMap$Entry:
    void <init>(java.lang.Object,java.lang.Object)
kotlin.contracts.ExperimentalContracts
kotlin.StandardKt__StandardKt
androidx.fragment.R$integer
kotlin.math.MathKt__MathHKt
kotlinx.coroutines.flow.FlowKt__BuildersKt$asFlow$$inlined$unsafeFlow$4
kotlin.time.TimedValue
kotlinx.coroutines.flow.FlowKt__DelayKt$debounceInternal$1
kotlinx.coroutines.channels.ConflatedBroadcastChannel
kotlinx.coroutines.flow.FlowKt__TransformKt$map$$inlined$unsafeTransform$1
kotlinx.coroutines.ChildHandle$DefaultImpls
kotlin.jvm.internal.ClassReference$Companion:
    public final java.lang.String getClassQualifiedName(java.lang.Class)
    public final boolean isInstance(java.lang.Object,java.lang.Class)
androidx.core.graphics.drawable.DrawableCompat
kotlin.reflect.KMutableProperty
kotlin.sequences.SequencesKt___SequencesKt$filterNotNull$1
kotlinx.coroutines.flow.FlowKt__EmittersKt$onStart$$inlined$unsafeFlow$1
androidx.viewpager.R$id
kotlin.coroutines.cancellation.CancellationExceptionKt
kotlin.collections.ArraysKt___ArraysJvmKt$asList$8
androidx.annotation.RequiresOptIn
kotlin.jvm.internal.SpreadBuilder
kotlin.UByte
kotlinx.coroutines.sync.MutexKt$withLock$1
kotlinx.coroutines.flow.internal.CombineKt$combineInternal$2$1
kotlinx.coroutines.flow.FlowKt__LimitKt$takeWhile$$inlined$unsafeFlow$1$1
androidx.fragment.app.SuperNotCalledException
kotlin.annotation.Repeatable
androidx.viewpager.widget.ViewPager$MyAccessibilityDelegate
androidx.viewpager.R$attr
com.tekartik.sqflite.Constant:
    public void <init>()
    public static final java.lang.String PLUGIN_KEY
    public static final java.lang.String METHOD_GET_PLATFORM_VERSION
    public static final java.lang.String METHOD_GET_DATABASES_PATH
    public static final java.lang.String METHOD_DEBUG
    public static final java.lang.String METHOD_OPTIONS
    public static final java.lang.String METHOD_OPEN_DATABASE
    public static final java.lang.String METHOD_CLOSE_DATABASE
    public static final java.lang.String METHOD_INSERT
    public static final java.lang.String METHOD_EXECUTE
    public static final java.lang.String METHOD_QUERY
    public static final java.lang.String METHOD_QUERY_CURSOR_NEXT
    public static final java.lang.String METHOD_UPDATE
    public static final java.lang.String METHOD_BATCH
    public static final java.lang.String METHOD_DELETE_DATABASE
    public static final java.lang.String METHOD_DATABASE_EXISTS
    public static final java.lang.String PARAM_IN_TRANSACTION_CHANGE
    public static final java.lang.String PARAM_TRANSACTION_ID
    public static final int TRANSACTION_ID_FORCE
    public static final java.lang.String PARAM_RECOVERED
    public static final java.lang.String PARAM_RECOVERED_IN_TRANSACTION
    public static final java.lang.String PARAM_SQL
    public static final java.lang.String PARAM_SQL_ARGUMENTS
    public static final java.lang.String PARAM_NO_RESULT
    public static final java.lang.String PARAM_CONTINUE_OR_ERROR